<?xml version="1.0" encoding="UTF-8"?>
<!-- Generated by org.testng.reporters.JUnitXMLReporter -->
<testsuite ignored="0" hostname="buma-HP-ProBook-450-G7" failures="1" tests="2" name="User Tests" time="48.685" errors="0" timestamp="2026-03-20T09:56:49 ICT">
  <testcase classname="tests.user.CourseExpandTest" name="testExpandCourseAndVerify" time="11.797">
    <failure type="java.lang.AssertionError" message="There are failed validations. Please check log file. expected [0] but found [36]">
      <![CDATA[java.lang.AssertionError: There are failed validations. Please check log file. expected [0] but found [36]
at tests.user.CourseExpandTest.testExpandCourseAndVerify(CourseExpandTest.java:44)
at java.base/java.util.concurrent.Executors$RunnableAdapter.call(Executors.java:539)
at java.base/java.util.concurrent.FutureTask.run(FutureTask.java:264)
at java.base/java.util.concurrent.ThreadPoolExecutor.runWorker(ThreadPoolExecutor.java:1136)
at java.base/java.util.concurrent.ThreadPoolExecutor$Worker.run(ThreadPoolExecutor.java:635)
at java.base/java.lang.Thread.run(Thread.java:840)
... Removed 19 stack frames]]>
    </failure>
  </testcase> <!-- testExpandCourseAndVerify -->
  <testcase classname="tests.user.AddingCourseTest" name="testAddingCourseContent" time="47.437"/>
</testsuite> <!-- User Tests -->
