<?xml version="1.0" encoding="UTF-8"?>
<testsuite xmlns:xsi="http://www.w3.org/2001/XMLSchema-instance" xsi:noNamespaceSchemaLocation="https://maven.apache.org/surefire/maven-surefire-plugin/xsd/surefire-test-report-3.0.xsd" version="3.0" name="TestSuite" time="65.11" tests="3" errors="0" skipped="0" failures="1">
  <properties>
[...]
</properties>
  <testcase name="testStudentManagementCRUDWorkflow" classname="tests.admin.StudentManagementTest" time="13.772">
    <system-out><![CDATA[========================================
TEST: Student Management CRUD
========================================

Loading CSV data...
CSV data loaded

Generated student:
  Name: Thái Trung Tuấn
  Code: SV46795
  Email: tuan.sv46795@yahoo.com
  Phone: 0323165853
Logging in as test.pltsolutions@gmail.com...
Login successful

=== Adding Student ===
Clicked Add
OK clicked
Student added

Verifying student data...
All fields verified

=== Editing Student ===
Changing address to: 451 Phạm Văn Đồng, Phường 8, TP.HCM
Clicked Edit
OK clicked
Student edited
Address verified

=== Deleting Student ===
Clicked Delete
OK clicked
Student deleted

========================================
TEST PASSED
========================================
]]></system-out>
    <system-err><![CDATA[SLF4J: Failed to load class "org.slf4j.impl.StaticLoggerBinder".
SLF4J: Defaulting to no-operation (NOP) logger implementation
SLF4J: See http://www.slf4j.org/codes.html#StaticLoggerBinder for further details.
Mar 20, 2026 9:55:46 AM org.openqa.selenium.devtools.CdpVersionFinder findNearestMatch
WARNING: Unable to find CDP implementation matching 144
Mar 20, 2026 9:55:46 AM org.openqa.selenium.chromium.ChromiumDriver lambda$new$5
WARNING: Unable to find version of CDP to use for 144.0.7559.109. You may need to include a dependency on a specific version of the CDP using something similar to `org.seleniumhq.selenium:selenium-devtools-v86:4.16.1` where the version ("v86") matches the version of the chromium-based browser you're using and the version number of the artifact is the same as Selenium's.
]]></system-err>
  </testcase>
  <testcase name="testExpandCourseAndVerify" classname="tests.user.CourseExpandTest" time="11.772">
    <failure message="There are failed validations. Please check log file. expected [0] but found [36]" type="java.lang.AssertionError"><![CDATA[java.lang.AssertionError: There are failed validations. Please check log file. expected [0] but found [36]
	at org.testng.Assert.fail(Assert.java:111)
	at org.testng.Assert.failNotEquals(Assert.java:1578)
	at org.testng.Assert.assertEqualsImpl(Assert.java:150)
	at org.testng.Assert.assertEquals(Assert.java:132)
	at org.testng.Assert.assertEquals(Assert.java:1419)
	at org.testng.Assert.assertEquals(Assert.java:1383)
	at tests.user.CourseExpandTest.testExpandCourseAndVerify(CourseExpandTest.java:44)
	at java.base/jdk.internal.reflect.NativeMethodAccessorImpl.invoke0(Native Method)
	at java.base/jdk.internal.reflect.NativeMethodAccessorImpl.invoke(NativeMethodAccessorImpl.java:77)
	at java.base/jdk.internal.reflect.DelegatingMethodAccessorImpl.invoke(DelegatingMethodAccessorImpl.java:43)
	at java.base/java.lang.reflect.Method.invoke(Method.java:569)
	at org.testng.internal.invokers.MethodInvocationHelper.invokeMethod(MethodInvocationHelper.java:139)
	at org.testng.internal.invokers.TestInvoker.invokeMethod(TestInvoker.java:664)
	at org.testng.internal.invokers.TestInvoker.invokeTestMethod(TestInvoker.java:228)
	at org.testng.internal.invokers.MethodRunner.runInSequence(MethodRunner.java:63)
	at org.testng.internal.invokers.TestInvoker$MethodInvocationAgent.invoke(TestInvoker.java:961)
	at org.testng.internal.invokers.TestInvoker.invokeTestMethods(TestInvoker.java:201)
	at org.testng.internal.invokers.TestMethodWorker.invokeTestMethods(TestMethodWorker.java:148)
	at org.testng.internal.invokers.TestMethodWorker.run(TestMethodWorker.java:128)
	at java.base/java.util.concurrent.Executors$RunnableAdapter.call(Executors.java:539)
	at java.base/java.util.concurrent.FutureTask.run(FutureTask.java:264)
	at org.testng.internal.thread.graph.TestNGFutureTask.run(TestNGFutureTask.java:22)
	at java.base/java.util.concurrent.ThreadPoolExecutor.runWorker(ThreadPoolExecutor.java:1136)
	at java.base/java.util.concurrent.ThreadPoolExecutor$Worker.run(ThreadPoolExecutor.java:635)
	at java.base/java.lang.Thread.run(Thread.java:840)
]]></failure>
    <system-out><![CDATA[START TEST
Logging in as test1.pltsolutions@gmail.com...
========================================
TEST: Adding Course Content
========================================

Loaded 3 chapters from JSON
Loaded 6 lessons from JSON
Selected chapter: Hàm và Phạm vi
Selected 2 lessons

Logging in as test.pltsolutions@gmail.com...
Login successful
Navigating to course management...
Login successful
Opening course...
Selecting random course...
Getting all chapters...
Opening chapter 1: Chương 1: HTML cơ bản
Selected: Lập trình Java cơ bản
  Getting lessons...
    Lesson: 
    Lesson: 
    Lesson: 
    Lesson: 
    Lesson: 
    Lesson: 
    Lesson: 
    Lesson: 
    Lesson: 
Opening chapter 2: Chương 2: CSS và thiết kế giao diện
  Getting lessons...
    Lesson: 
    Lesson: 
    Lesson: 
    Lesson: 
    Lesson: 
    Lesson: 
    Lesson: 
    Lesson: 
Opening chapter 3: Chương 3: JavaScript căn bản
Opening course content tab...
  Getting lessons...
    Lesson: 
    Lesson: 
    Lesson: 
    Lesson: 
    Lesson: 
    Lesson: 
    Lesson: 
    Lesson: 
Opening chapter 4: Chương 4: JavaScript nâng cao
  Getting lessons...
    Lesson: 
    Lesson: 
    Lesson: 
    Lesson: 
Opening chapter 5: Chương 5: Responsive Website

Adding chapter: Hàm và Phạm vi
  Getting lessons...
    Lesson: 
    Lesson: 
    Lesson: 
Opening chapter 6: Chương 6: Dự án mini Website cá nhân
  Getting lessons...
    Lesson: 
    Lesson: 
    Lesson: 
    Lesson: 
Compare file created: /home/bulma/eclipse-workspace/POL_Test/test-reports/compare.txt
Loading expected data from: /home/bulma/eclipse-workspace/POL_Test/src/resources/data.txt
Total expected items = 30

=== DETAILED COMPARISON RESULTS ===
[PASS] CHAPTER = Chương 1: HTML cơ bản
[FAIL] LESSON = 
[FAIL] LESSON = 
[FAIL] LESSON = 
[FAIL] LESSON = 
[FAIL] LESSON = 
[FAIL] LESSON = 
[FAIL] LESSON = 
[FAIL] LESSON = 
[FAIL] LESSON = 
[PASS] CHAPTER = Chương 2: CSS và thiết kế giao diện
[FAIL] LESSON = 
[FAIL] LESSON = 
[FAIL] LESSON = 
[FAIL] LESSON = 
[FAIL] LESSON = 
[FAIL] LESSON = 
[FAIL] LESSON = 
[FAIL] LESSON = 
[PASS] CHAPTER = Chương 3: JavaScript căn bản
[FAIL] LESSON = 
[FAIL] LESSON = 
[FAIL] LESSON = 
[FAIL] LESSON = 
[FAIL] LESSON = 
[FAIL] LESSON = 
[FAIL] LESSON = 
[FAIL] LESSON = 
[PASS] CHAPTER = Chương 4: JavaScript nâng cao
[FAIL] LESSON = 
[FAIL] LESSON = 
[FAIL] LESSON = 
[FAIL] LESSON = 
[PASS] CHAPTER = Chương 5: Responsive Website
[FAIL] LESSON = 
[FAIL] LESSON = 
[FAIL] LESSON = 
[PASS] CHAPTER = Chương 6: Dự án mini Website cá nhân
[FAIL] LESSON = 
[FAIL] LESSON = 
[FAIL] LESSON = 
[FAIL] LESSON = 
Comparing files:
  Actual (compare): /home/bulma/eclipse-workspace/POL_Test/test-reports/compare.txt
  Expected (data): /home/bulma/eclipse-workspace/POL_Test/src/resources/data.txt
Missing in compare.txt (24 items): [tongquanvewebsitevainternet, bocucvoiflexbox, phantichyeucauduan, fetchapi, nguyenlyresponsive, gioithieucss, responsivevoimediaquery, domcoban, gioithieuhtml, gioithieujavascript, mausacvafontchu, cacthevanbanvahinhanh, formvanhaplieu, gridlayout, mangvaobject, danhsachvabang, xaydungchucnang, vonglapvaieukien, bienvakieudulieu, hamvasukien, mediaquerynangcao, xulysukiennangcao, thietkegiaodien, kiemthuvahoanthien]
Total FAILED items = 36
]]></system-out>
    <system-err><![CDATA[Mar 20, 2026 9:56:01 AM org.openqa.selenium.devtools.CdpVersionFinder findNearestMatch
WARNING: Unable to find CDP implementation matching 144
Mar 20, 2026 9:56:01 AM org.openqa.selenium.chromium.ChromiumDriver lambda$new$5
WARNING: Unable to find version of CDP to use for 144.0.7559.109. You may need to include a dependency on a specific version of the CDP using something similar to `org.seleniumhq.selenium:selenium-devtools-v86:4.16.1` where the version ("v86") matches the version of the chromium-based browser you're using and the version number of the artifact is the same as Selenium's.
Mar 20, 2026 9:56:01 AM org.openqa.selenium.devtools.CdpVersionFinder findNearestMatch
WARNING: Unable to find CDP implementation matching 144
Mar 20, 2026 9:56:01 AM org.openqa.selenium.chromium.ChromiumDriver lambda$new$5
WARNING: Unable to find version of CDP to use for 144.0.7559.109. You may need to include a dependency on a specific version of the CDP using something similar to `org.seleniumhq.selenium:selenium-devtools-v86:4.16.1` where the version ("v86") matches the version of the chromium-based browser you're using and the version number of the artifact is the same as Selenium's.
]]></system-err>
  </testcase>
  <testcase name="testAddingCourseContent" classname="tests.user.AddingCourseTest" time="47.43">
    <system-out><![CDATA[Chapter form filled
Adding lesson 1: Cài đặt môi trường phát triển
Lesson form filled
Adding lesson 2: Chương trình Hello World đầu tiên
Lesson form filled

Collapsing all panels...

Saving chapter...
Save successful!

Verifying chapter exists...
Chapter verified: Hàm và Phạm vi
Verifying lessons exist...
Lesson verified: Cài đặt môi trường phát triển
Lesson verified: Chương trình Hello World đầu tiên

========================================
TEST PASSED
========================================
Course: Lập trình Java cơ bản
Chapter added: Hàm và Phạm vi
Lessons added: 2
========================================

]]></system-out>
  </testcase>
</testsuite>