<?xml version="1.0" encoding="UTF-8"?>
<!-- Generated by org.testng.reporters.JUnitXMLReporter -->
<testsuite ignored="0" hostname="buma-HP-ProBook-450-G7" failures="0" tests="7" name="Command line test" time="41.1" errors="0" timestamp="2026-03-21T16:06:08 ICT">
  <testcase classname="midterm3.midterm3" name="createAccount" time="5.699"/>
  <testcase classname="midterm3.midterm3" name="createAccount" time="4.449"/>
  <testcase classname="midterm3.midterm3" name="createAccount" time="4.576"/>
  <testcase classname="midterm3.midterm3" name="createAccount" time="3.989"/>
  <testcase classname="midterm3.midterm3" name="createAccount" time="4.186"/>
  <testcase classname="midterm3.midterm3" name="createAccount" time="4.358"/>
  <testcase classname="midterm3.midterm3" name="createAccount" time="4.616"/>
</testsuite> <!-- Command line test -->
