<?xml version="1.0" encoding="UTF-8"?>
<testng-results ignored="0" total="1" passed="1" failed="0" skipped="0">
  <reporter-output>
  </reporter-output>
  <suite started-at="2026-03-21T16:07:58 ICT" name="Default suite" finished-at="2026-03-21T16:09:35 ICT" duration-ms="97254">
    <groups>
    </groups>
    <test started-at="2026-03-21T16:07:58 ICT" name="Default test" finished-at="2026-03-21T16:09:35 ICT" duration-ms="97254">
      <class name="tests.user.HomeworkTest">
        <test-method is-config="true" signature="setUp()[pri:0, instance:tests.user.HomeworkTest@3d51f06e]" started-at="2026-03-21T16:07:58 ICT" name="setUp" finished-at="2026-03-21T16:08:00 ICT" duration-ms="2205" status="PASS">
          <reporter-output>
          </reporter-output>
        </test-method> <!-- setUp -->
        <test-method signature="testAddHomeworkWithAllQuestionTypes()[pri:0, instance:tests.user.HomeworkTest@3d51f06e]" started-at="2026-03-21T16:08:00 ICT" name="testAddHomeworkWithAllQuestionTypes" finished-at="2026-03-21T16:09:35 ICT" duration-ms="94877" status="PASS">
          <reporter-output>
          </reporter-output>
        </test-method> <!-- testAddHomeworkWithAllQuestionTypes -->
        <test-method is-config="true" signature="tearDown()[pri:0, instance:tests.user.HomeworkTest@3d51f06e]" started-at="2026-03-21T16:09:35 ICT" name="tearDown" finished-at="2026-03-21T16:09:35 ICT" duration-ms="107" status="PASS">
          <reporter-output>
          </reporter-output>
        </test-method> <!-- tearDown -->
      </class> <!-- tests.user.HomeworkTest -->
    </test> <!-- Default test -->
  </suite> <!-- Default suite -->
</testng-results>
