<?xml version="1.0" encoding="UTF-8"?>
<!-- Generated by org.testng.reporters.JUnitReportReporter -->
<testsuite hostname="buma-HP-ProBook-450-G7" failures="0" tests="7" name="midterm3.midterm3" time="41.002" errors="0" timestamp="2026-03-21T16:06:08 ICT" skipped="0">
  <testcase classname="midterm3.midterm3" name="createAccount" time="6.862"/>
  <testcase classname="midterm3.midterm3" name="createAccount" time="5.706"/>
  <testcase classname="midterm3.midterm3" name="createAccount" time="5.309"/>
  <testcase classname="midterm3.midterm3" name="createAccount" time="6.664"/>
  <testcase classname="midterm3.midterm3" name="createAccount" time="5.728"/>
  <testcase classname="midterm3.midterm3" name="createAccount" time="5.223"/>
  <testcase classname="midterm3.midterm3" name="createAccount" time="5.510"/>
</testsuite> <!-- midterm3.midterm3 -->
